Using pre-set license
Built from '2022.3/staging' branch; Version is '2022.3.6f1 (b9e6e7e9fa2d) revision 12183271'; Using compiler version '192829333'; Build Type 'Release'
OS: 'Windows 10  (10.0.19045) 64bit Professional' Language: 'ja' Physical Memory: 16344 MB
BatchMode: 1, IsHumanControllingUs: 0, StartBugReporterOnCrash: 0, Is64bit: 1, IsPro: 1

COMMAND LINE ARGUMENTS:
C:\Program Files\Unity\Hub\Editor\2022.3.6f1\Editor\Unity.exe
-adb2
-batchMode
-noUpm
-name
AssetImportWorker0
-projectPath
C:/Games/Escape_Game
-logFile
Logs/AssetImportWorker0.log
-srvPort
60519
Successfully changed project path to: C:/Games/Escape_Game
C:/Games/Escape_Game
[UnityMemory] Configuration Parameters - Can be set up in boot.config
    "memorysetup-bucket-allocator-granularity=16"
    "memorysetup-bucket-allocator-bucket-count=8"
    "memorysetup-bucket-allocator-block-size=33554432"
    "memorysetup-bucket-allocator-block-count=8"
    "memorysetup-main-allocator-block-size=16777216"
    "memorysetup-thread-allocator-block-size=16777216"
    "memorysetup-gfx-main-allocator-block-size=16777216"
    "memorysetup-gfx-thread-allocator-block-size=16777216"
    "memorysetup-cache-allocator-block-size=4194304"
    "memorysetup-typetree-allocator-block-size=2097152"
    "memorysetup-profiler-bucket-allocator-granularity=16"
    "memorysetup-profiler-bucket-allocator-bucket-count=8"
    "memorysetup-profiler-bucket-allocator-block-size=33554432"
    "memorysetup-profiler-bucket-allocator-block-count=8"
    "memorysetup-profiler-allocator-block-size=16777216"
    "memorysetup-profiler-editor-allocator-block-size=1048576"
    "memorysetup-temp-allocator-size-main=16777216"
    "memorysetup-job-temp-allocator-block-size=2097152"
    "memorysetup-job-temp-allocator-block-size-background=1048576"
    "memorysetup-job-temp-allocator-reduction-small-platforms=262144"
    "memorysetup-allocator-temp-initial-block-size-main=262144"
    "memorysetup-allocator-temp-initial-block-size-worker=262144"
    "memorysetup-temp-allocator-size-background-worker=32768"
    "memorysetup-temp-allocator-size-job-worker=262144"
    "memorysetup-temp-allocator-size-preload-manager=33554432"
    "memorysetup-temp-allocator-size-nav-mesh-worker=65536"
    "memorysetup-temp-allocator-size-audio-worker=65536"
    "memorysetup-temp-allocator-size-cloud-worker=32768"
    "memorysetup-temp-allocator-size-gi-baking-worker=262144"
    "memorysetup-temp-allocator-size-gfx=262144"
Player connection [5712] Host "[IP] 192.168.1.12 [Port] 0 [Flags] 2 [Guid] 531361505 [EditorId] 531361505 [Version] 1048832 [Id] WindowsEditor(7,DESKTOP-E8UBUFM) [Debug] 1 [PackageName] WindowsEditor [ProjectName] Editor" joined multi-casting on [225.0.0.222:54997]...

Player connection [5712] Host "[IP] 192.168.1.12 [Port] 0 [Flags] 2 [Guid] 531361505 [EditorId] 531361505 [Version] 1048832 [Id] WindowsEditor(7,DESKTOP-E8UBUFM) [Debug] 1 [PackageName] WindowsEditor [ProjectName] Editor" joined alternative multi-casting on [225.0.0.222:34997]...

Refreshing native plugins compatible for Editor in 8.10 ms, found 3 plugins.
Preloading 0 native plugins for Editor in 0.00 ms.
Initialize engine version: 2022.3.6f1 (b9e6e7e9fa2d)
[Subsystems] Discovering subsystems at path C:/Program Files/Unity/Hub/Editor/2022.3.6f1/Editor/Data/Resources/UnitySubsystems
[Subsystems] Discovering subsystems at path C:/Games/Escape_Game/Assets
GfxDevice: creating device client; threaded=0; jobified=0
Direct3D:
    Version:  Direct3D 11.0 [level 11.1]
    Renderer: NVIDIA GeForce GTX 1050 (ID=0x1c81)
    Vendor:   NVIDIA
    VRAM:     1976 MB
    Driver:   31.0.15.3623
Initialize mono
Mono path[0] = 'C:/Program Files/Unity/Hub/Editor/2022.3.6f1/Editor/Data/Managed'
Mono path[1] = 'C:/Program Files/Unity/Hub/Editor/2022.3.6f1/Editor/Data/MonoBleedingEdge/lib/mono/unityjit-win32'
Mono config path = 'C:/Program Files/Unity/Hub/Editor/2022.3.6f1/Editor/Data/MonoBleedingEdge/etc'
Using monoOptions --debugger-agent=transport=dt_socket,embedding=1,server=y,suspend=n,address=127.0.0.1:56792
Begin MonoManager ReloadAssembly
Registering precompiled unity dll's ...
Register platform support module: C:/Program Files/Unity/Hub/Editor/2022.3.6f1/Editor/Data/PlaybackEngines/iOSSupport/UnityEditor.iOS.Extensions.dll
Register platform support module: C:/Program Files/Unity/Hub/Editor/2022.3.6f1/Editor/Data/PlaybackEngines/WindowsStandaloneSupport/UnityEditor.WindowsStandalone.Extensions.dll
Registered in 0.011718 seconds.
- Loaded All Assemblies, in  0.353 seconds
Native extension for WindowsStandalone target not found
[usbmuxd] Start listen thread
[usbmuxd] Listen thread started
Native extension for iOS target not found
Mono: successfully reloaded assembly
- Finished resetting the current domain, in  0.281 seconds
Domain Reload Profiling: 632ms
	BeginReloadAssembly (87ms)
		ExecutionOrderSort (0ms)
		DisableScriptedObjects (0ms)
		BackupInstance (0ms)
		ReleaseScriptingObjects (0ms)
		CreateAndSetChildDomain (1ms)
	RebuildCommonClasses (35ms)
	RebuildNativeTypeToScriptingClass (10ms)
	initialDomainReloadingComplete (63ms)
	LoadAllAssembliesAndSetupDomain (155ms)
		LoadAssemblies (85ms)
		RebuildTransferFunctionScriptingTraits (0ms)
		AnalyzeDomain (149ms)
			TypeCache.Refresh (148ms)
				TypeCache.ScanAssembly (135ms)
			ScanForSourceGeneratedMonoScriptInfo (0ms)
			ResolveRequiredComponents (0ms)
	FinalizeReload (281ms)
		ReleaseScriptCaches (0ms)
		RebuildScriptCaches (0ms)
		SetupLoadedEditorAssemblies (219ms)
			LogAssemblyErrors (0ms)
			InitializePlatformSupportModulesInManaged (30ms)
			SetLoadedEditorAssemblies (5ms)
			RefreshPlugins (0ms)
			BeforeProcessingInitializeOnLoad (2ms)
			ProcessInitializeOnLoadAttributes (134ms)
			ProcessInitializeOnLoadMethodAttributes (47ms)
			AfterProcessingInitializeOnLoad (0ms)
			EditorAssembliesLoaded (0ms)
		ExecutionOrderSort2 (0ms)
		AwakeInstancesAfterBackupRestoration (0ms)
========================================================================
Worker process is ready to serve import requests
Begin MonoManager ReloadAssembly
Symbol file LoadedFromMemory doesn't match image C:\Games\Escape_Game\Library\PackageCache\com.unity.visualscripting@1.8.0\Editor\VisualScripting.Core\Dependencies\YamlDotNet\Unity.VisualScripting.YamlDotNet.dll
Symbol file LoadedFromMemory doesn't match image C:\Games\Escape_Game\Library\PackageCache\com.unity.visualscripting@1.8.0\Editor\VisualScripting.Core\Dependencies\DotNetZip\Unity.VisualScripting.IonicZip.dll
- Loaded All Assemblies, in  0.711 seconds
Refreshing native plugins compatible for Editor in 4.07 ms, found 3 plugins.
Native extension for WindowsStandalone target not found
Native extension for iOS target not found
Mono: successfully reloaded assembly
- Finished resetting the current domain, in  0.498 seconds
Domain Reload Profiling: 1206ms
	BeginReloadAssembly (130ms)
		ExecutionOrderSort (0ms)
		DisableScriptedObjects (5ms)
		BackupInstance (0ms)
		ReleaseScriptingObjects (0ms)
		CreateAndSetChildDomain (22ms)
	RebuildCommonClasses (36ms)
	RebuildNativeTypeToScriptingClass (11ms)
	initialDomainReloadingComplete (44ms)
	LoadAllAssembliesAndSetupDomain (487ms)
		LoadAssemblies (256ms)
		RebuildTransferFunctionScriptingTraits (0ms)
		AnalyzeDomain (291ms)
			TypeCache.Refresh (274ms)
				TypeCache.ScanAssembly (260ms)
			ScanForSourceGeneratedMonoScriptInfo (13ms)
			ResolveRequiredComponents (4ms)
	FinalizeReload (498ms)
		ReleaseScriptCaches (0ms)
		RebuildScriptCaches (0ms)
		SetupLoadedEditorAssemblies (354ms)
			LogAssemblyErrors (0ms)
			InitializePlatformSupportModulesInManaged (25ms)
			SetLoadedEditorAssemblies (4ms)
			RefreshPlugins (0ms)
			BeforeProcessingInitializeOnLoad (58ms)
			ProcessInitializeOnLoadAttributes (238ms)
			ProcessInitializeOnLoadMethodAttributes (19ms)
			AfterProcessingInitializeOnLoad (10ms)
			EditorAssembliesLoaded (0ms)
		ExecutionOrderSort2 (0ms)
		AwakeInstancesAfterBackupRestoration (6ms)
Launched and connected shader compiler UnityShaderCompiler.exe after 0.06 seconds
Refreshing native plugins compatible for Editor in 2.61 ms, found 3 plugins.
Preloading 0 native plugins for Editor in 0.00 ms.
Unloading 3084 Unused Serialized files (Serialized files now loaded: 0)
Unloading 31 unused Assets / (56.4 KB). Loaded Objects now: 3547.
Memory consumption went from 123.1 MB to 123.0 MB.
Total: 2.880100 ms (FindLiveObjects: 0.219300 ms CreateObjectMapping: 0.140400 ms MarkObjects: 2.422500 ms  DeleteObjects: 0.096900 ms)

AssetImportParameters requested are different than current active one (requested -> active):
  custom:container-demuxer-ogg: 62fdf1f143b41e24485cea50d1cbac27 -> 
  custom:video-decoder-ogg-theora: a1e56fd34408186e4bbccfd4996cb3dc -> 
  custom:framework-win-MediaFoundation: 216162199b28c13a410421893ffa2e32 -> 
  custom:container-demuxer-webm: 4f35f7cbe854078d1ac9338744f61a02 -> 
  custom:container-muxer-webm: aa71ff27fc2769a1b78a27578f13a17b -> 
  custom:video-decoder-webm-vp8: 9c59270c3fd7afecdb556c50c9e8de78 -> 
  custom:AudioImporter_EditorPlatform: d09bf68614088b80899f8185d706f6e7 -> 
  custom:video-encoder-webm-vp8: eb34c28f22e8b96e1ab97ce403110664 -> 
  custom:audio-decoder-ogg-vorbis: bf7c407c2cedff20999df2af8eb42d56 -> 
  custom:audio-encoder-webm-vorbis: bf7c407c2cedff20999df2af8eb42d56 -> 
========================================================================
Received Import Request.
  Time since last request: 797780.608348 seconds.
  path: Assets/Furniture/Prefabs
  artifactKey: Guid(45c2a299a6f4ee04c8387fa92bd7540a) Importer(815301076,1909f56bfc062723c751e8b465ee728b)
Start importing Assets/Furniture/Prefabs using Guid(45c2a299a6f4ee04c8387fa92bd7540a) Importer(815301076,1909f56bfc062723c751e8b465ee728b)  -> (artifact id: '8100b37747bf9d1d4664a5772558e8a3') in 0.002619 seconds
Number of updated asset objects reloaded before import = 0
Number of asset objects unloaded after import = 0
========================================================================
Received Import Request.
  Time since last request: 0.113428 seconds.
  path: Assets/Furniture/Prefabs/3Seat.prefab
  artifactKey: Guid(4da9f6017c5c2954282fe23c8f297ec2) Importer(815301076,1909f56bfc062723c751e8b465ee728b)
Start importing Assets/Furniture/Prefabs/3Seat.prefab using Guid(4da9f6017c5c2954282fe23c8f297ec2) Importer(815301076,1909f56bfc062723c751e8b465ee728b)  -> (artifact id: '270ad45a91504d9fd94d7d1d18156f3a') in 0.171118 seconds
Number of updated asset objects reloaded before import = 0
Number of asset objects unloaded after import = 12
========================================================================
Received Import Request.
  Time since last request: 0.000021 seconds.
  path: Assets/Furniture/Prefabs/chair.prefab
  artifactKey: Guid(a42ad6a4668ecfb44a1f036838e43f67) Importer(815301076,1909f56bfc062723c751e8b465ee728b)
Start importing Assets/Furniture/Prefabs/chair.prefab using Guid(a42ad6a4668ecfb44a1f036838e43f67) Importer(815301076,1909f56bfc062723c751e8b465ee728b)  -> (artifact id: 'efeba261a0e19fb7d73caceadd45049b') in 0.025669 seconds
Number of updated asset objects reloaded before import = 0
Number of asset objects unloaded after import = 12
========================================================================
Received Import Request.
  Time since last request: 0.000019 seconds.
  path: Assets/Furniture/Prefabs/DoubleSeat.prefab
  artifactKey: Guid(2c59b54db7aeb3d438ea1c0bf9694519) Importer(815301076,1909f56bfc062723c751e8b465ee728b)
Start importing Assets/Furniture/Prefabs/DoubleSeat.prefab using Guid(2c59b54db7aeb3d438ea1c0bf9694519) Importer(815301076,1909f56bfc062723c751e8b465ee728b)  -> (artifact id: '91bf665ceeb5aa8b8ce7c39fd6c58f47') in 0.021418 seconds
Number of updated asset objects reloaded before import = 0
Number of asset objects unloaded after import = 12
========================================================================
Received Import Request.
  Time since last request: 0.000013 seconds.
  path: Assets/Furniture/Prefabs/SmallCloset.prefab
  artifactKey: Guid(0811362ae53573c47be253aac1dbdd5d) Importer(815301076,1909f56bfc062723c751e8b465ee728b)
Start importing Assets/Furniture/Prefabs/SmallCloset.prefab using Guid(0811362ae53573c47be253aac1dbdd5d) Importer(815301076,1909f56bfc062723c751e8b465ee728b)  -> (artifact id: 'e5b19275a7c1362eb6e472f05ffbe70e') in 0.025095 seconds
Number of updated asset objects reloaded before import = 0
Number of asset objects unloaded after import = 12
========================================================================
Received Import Request.
  Time since last request: 0.000013 seconds.
  path: Assets/Furniture/Prefabs/Fotel.prefab
  artifactKey: Guid(0a94bd08074ccfd4e938cda201930e63) Importer(815301076,1909f56bfc062723c751e8b465ee728b)
Start importing Assets/Furniture/Prefabs/Fotel.prefab using Guid(0a94bd08074ccfd4e938cda201930e63) Importer(815301076,1909f56bfc062723c751e8b465ee728b)  -> (artifact id: 'f3fb70bbb1a2bb4322c177b96efd1ac9') in 0.031626 seconds
Number of updated asset objects reloaded before import = 0
Number of asset objects unloaded after import = 12
========================================================================
Received Import Request.
  Time since last request: 0.000011 seconds.
  path: Assets/Furniture/Prefabs/Fotel2.prefab
  artifactKey: Guid(0602526b549f4e74c9107db59bde2a39) Importer(815301076,1909f56bfc062723c751e8b465ee728b)
Start importing Assets/Furniture/Prefabs/Fotel2.prefab using Guid(0602526b549f4e74c9107db59bde2a39) Importer(815301076,1909f56bfc062723c751e8b465ee728b)  -> (artifact id: '64b098c0d151947b105acc0eb8e07777') in 0.024206 seconds
Number of updated asset objects reloaded before import = 0
Number of asset objects unloaded after import = 12
========================================================================
Received Import Request.
  Time since last request: 0.000017 seconds.
  path: Assets/Furniture/Prefabs/3Seat3.prefab
  artifactKey: Guid(d9e6213ffc5943b4db8396985aa3f894) Importer(815301076,1909f56bfc062723c751e8b465ee728b)
Start importing Assets/Furniture/Prefabs/3Seat3.prefab using Guid(d9e6213ffc5943b4db8396985aa3f894) Importer(815301076,1909f56bfc062723c751e8b465ee728b)  -> (artifact id: '4223b73ca12697486987115747158910') in 0.023375 seconds
Number of updated asset objects reloaded before import = 0
Number of asset objects unloaded after import = 12
========================================================================
Received Import Request.
  Time since last request: 0.000015 seconds.
  path: Assets/Furniture/Prefabs/closet2.prefab
  artifactKey: Guid(7be1856a1844e5a47b82d7cb61f184e5) Importer(815301076,1909f56bfc062723c751e8b465ee728b)
Start importing Assets/Furniture/Prefabs/closet2.prefab using Guid(7be1856a1844e5a47b82d7cb61f184e5) Importer(815301076,1909f56bfc062723c751e8b465ee728b)  -> (artifact id: 'f9237c5c0d194094de45c5c94ea68283') in 0.023455 seconds
Number of updated asset objects reloaded before import = 0
Number of asset objects unloaded after import = 12
========================================================================
Received Import Request.
  Time since last request: 0.000015 seconds.
  path: Assets/Furniture/Prefabs/Fotel4.prefab
  artifactKey: Guid(80967ac7bb2c8104b8dd5b649046d79b) Importer(815301076,1909f56bfc062723c751e8b465ee728b)
Start importing Assets/Furniture/Prefabs/Fotel4.prefab using Guid(80967ac7bb2c8104b8dd5b649046d79b) Importer(815301076,1909f56bfc062723c751e8b465ee728b)  -> (artifact id: 'c02136b6f69b6fa3e488fb21e5d5f3d8') in 0.026064 seconds
Number of updated asset objects reloaded before import = 0
Number of asset objects unloaded after import = 12
========================================================================
Received Import Request.
  Time since last request: 0.000014 seconds.
  path: Assets/Furniture/Prefabs/Fotel3.prefab
  artifactKey: Guid(41cf0c45f4ecbd0469567b5a28e21395) Importer(815301076,1909f56bfc062723c751e8b465ee728b)
Start importing Assets/Furniture/Prefabs/Fotel3.prefab using Guid(41cf0c45f4ecbd0469567b5a28e21395) Importer(815301076,1909f56bfc062723c751e8b465ee728b)  -> (artifact id: 'bce0ec415be27592ab184cacd4d07616') in 0.024895 seconds
Number of updated asset objects reloaded before import = 0
Number of asset objects unloaded after import = 12
========================================================================
Received Prepare
Refreshing native plugins compatible for Editor in 3.18 ms, found 3 plugins.
Preloading 0 native plugins for Editor in 0.00 ms.
Unloading 0 Unused Serialized files (Serialized files now loaded: 0)
Unloading 1 unused Assets / (0.8 KB). Loaded Objects now: 3556.
Memory consumption went from 75.2 MB to 75.2 MB.
Total: 3.739100 ms (FindLiveObjects: 0.264200 ms CreateObjectMapping: 0.250500 ms MarkObjects: 3.200500 ms  DeleteObjects: 0.022800 ms)

Prepare: number of updated asset objects reloaded= 0
AssetImportParameters requested are different than current active one (requested -> active):
  custom:container-demuxer-ogg: 62fdf1f143b41e24485cea50d1cbac27 -> 
  custom:video-decoder-ogg-theora: a1e56fd34408186e4bbccfd4996cb3dc -> 
  custom:framework-win-MediaFoundation: 216162199b28c13a410421893ffa2e32 -> 
  custom:CustomObjectIndexerAttribute: 756ad292c208cfabdd7b50bc23989ffe -> 
  custom:container-demuxer-webm: 4f35f7cbe854078d1ac9338744f61a02 -> 
  custom:container-muxer-webm: aa71ff27fc2769a1b78a27578f13a17b -> 
  custom:video-decoder-webm-vp8: 9c59270c3fd7afecdb556c50c9e8de78 -> 
  custom:SearchIndexIgnoredProperties: e643bd26f0fe6173181afceb89e7c659 -> 
  custom:AudioImporter_EditorPlatform: d09bf68614088b80899f8185d706f6e7 -> 
  custom:video-encoder-webm-vp8: eb34c28f22e8b96e1ab97ce403110664 -> 
  custom:audio-decoder-ogg-vorbis: bf7c407c2cedff20999df2af8eb42d56 -> 
  custom:audio-encoder-webm-vorbis: bf7c407c2cedff20999df2af8eb42d56 -> 
